[0.045s] Invoking command in '/home/yck/Desktop/GITHUB/CppTest/Cpp_Gtest_Projects/Project_5/autoware_cmake/build/autoware_cmake': CMAKE_PREFIX_PATH=/opt/ros/humble /usr/bin/cmake --build /home/yck/Desktop/GITHUB/CppTest/Cpp_Gtest_Projects/Project_5/autoware_cmake/build/autoware_cmake -- -j96 -l96
[0.124s] Invoked command in '/home/yck/Desktop/GITHUB/CppTest/Cpp_Gtest_Projects/Project_5/autoware_cmake/build/autoware_cmake' returned '0': CMAKE_PREFIX_PATH=/opt/ros/humble /usr/bin/cmake --build /home/yck/Desktop/GITHUB/CppTest/Cpp_Gtest_Projects/Project_5/autoware_cmake/build/autoware_cmake -- -j96 -l96
[0.194s] Invoking command in '/home/yck/Desktop/GITHUB/CppTest/Cpp_Gtest_Projects/Project_5/autoware_cmake/build/autoware_cmake': CMAKE_PREFIX_PATH=/opt/ros/humble /usr/bin/cmake --install /home/yck/Desktop/GITHUB/CppTest/Cpp_Gtest_Projects/Project_5/autoware_cmake/build/autoware_cmake
[0.205s] -- Install configuration: ""
[0.205s] -- Up-to-date: /home/yck/Desktop/GITHUB/CppTest/Cpp_Gtest_Projects/Project_5/autoware_cmake/install/autoware_cmake/share/autoware_cmake/cmake
[0.206s] -- Up-to-date: /home/yck/Desktop/GITHUB/CppTest/Cpp_Gtest_Projects/Project_5/autoware_cmake/install/autoware_cmake/share/autoware_cmake/cmake/autoware_package.cmake
[0.206s] -- Up-to-date: /home/yck/Desktop/GITHUB/CppTest/Cpp_Gtest_Projects/Project_5/autoware_cmake/install/autoware_cmake/share/ament_index/resource_index/package_run_dependencies/autoware_cmake
[0.206s] -- Up-to-date: /home/yck/Desktop/GITHUB/CppTest/Cpp_Gtest_Projects/Project_5/autoware_cmake/install/autoware_cmake/share/ament_index/resource_index/parent_prefix_path/autoware_cmake
[0.206s] -- Up-to-date: /home/yck/Desktop/GITHUB/CppTest/Cpp_Gtest_Projects/Project_5/autoware_cmake/install/autoware_cmake/share/autoware_cmake/environment/ament_prefix_path.sh
[0.206s] -- Up-to-date: /home/yck/Desktop/GITHUB/CppTest/Cpp_Gtest_Projects/Project_5/autoware_cmake/install/autoware_cmake/share/autoware_cmake/environment/ament_prefix_path.dsv
[0.207s] -- Up-to-date: /home/yck/Desktop/GITHUB/CppTest/Cpp_Gtest_Projects/Project_5/autoware_cmake/install/autoware_cmake/share/autoware_cmake/environment/path.sh
[0.207s] -- Up-to-date: /home/yck/Desktop/GITHUB/CppTest/Cpp_Gtest_Projects/Project_5/autoware_cmake/install/autoware_cmake/share/autoware_cmake/environment/path.dsv
[0.207s] -- Up-to-date: /home/yck/Desktop/GITHUB/CppTest/Cpp_Gtest_Projects/Project_5/autoware_cmake/install/autoware_cmake/share/autoware_cmake/local_setup.bash
[0.207s] -- Up-to-date: /home/yck/Desktop/GITHUB/CppTest/Cpp_Gtest_Projects/Project_5/autoware_cmake/install/autoware_cmake/share/autoware_cmake/local_setup.sh
[0.207s] -- Up-to-date: /home/yck/Desktop/GITHUB/CppTest/Cpp_Gtest_Projects/Project_5/autoware_cmake/install/autoware_cmake/share/autoware_cmake/local_setup.zsh
[0.208s] -- Up-to-date: /home/yck/Desktop/GITHUB/CppTest/Cpp_Gtest_Projects/Project_5/autoware_cmake/install/autoware_cmake/share/autoware_cmake/local_setup.dsv
[0.208s] -- Up-to-date: /home/yck/Desktop/GITHUB/CppTest/Cpp_Gtest_Projects/Project_5/autoware_cmake/install/autoware_cmake/share/autoware_cmake/package.dsv
[0.208s] -- Up-to-date: /home/yck/Desktop/GITHUB/CppTest/Cpp_Gtest_Projects/Project_5/autoware_cmake/install/autoware_cmake/share/ament_index/resource_index/packages/autoware_cmake
[0.208s] -- Up-to-date: /home/yck/Desktop/GITHUB/CppTest/Cpp_Gtest_Projects/Project_5/autoware_cmake/install/autoware_cmake/share/autoware_cmake/cmake/autoware_cmake-extras.cmake
[0.209s] -- Up-to-date: /home/yck/Desktop/GITHUB/CppTest/Cpp_Gtest_Projects/Project_5/autoware_cmake/install/autoware_cmake/share/autoware_cmake/cmake/ament_cmake_export_dependencies-extras.cmake
[0.210s] -- Up-to-date: /home/yck/Desktop/GITHUB/CppTest/Cpp_Gtest_Projects/Project_5/autoware_cmake/install/autoware_cmake/share/autoware_cmake/cmake/autoware_cmakeConfig.cmake
[0.211s] -- Up-to-date: /home/yck/Desktop/GITHUB/CppTest/Cpp_Gtest_Projects/Project_5/autoware_cmake/install/autoware_cmake/share/autoware_cmake/cmake/autoware_cmakeConfig-version.cmake
[0.211s] -- Up-to-date: /home/yck/Desktop/GITHUB/CppTest/Cpp_Gtest_Projects/Project_5/autoware_cmake/install/autoware_cmake/share/autoware_cmake/package.xml
[0.212s] Invoked command in '/home/yck/Desktop/GITHUB/CppTest/Cpp_Gtest_Projects/Project_5/autoware_cmake/build/autoware_cmake' returned '0': CMAKE_PREFIX_PATH=/opt/ros/humble /usr/bin/cmake --install /home/yck/Desktop/GITHUB/CppTest/Cpp_Gtest_Projects/Project_5/autoware_cmake/build/autoware_cmake
