[0.043s] Invoking command in '/home/yck/Desktop/GITHUB/CppTest/Cpp_Gtest_Projects/Project_5/autoware_cmake/build/autoware_cmake': CMAKE_PREFIX_PATH=/opt/ros/humble /usr/bin/cmake /home/yck/Desktop/GITHUB/CppTest/Cpp_Gtest_Projects/Project_5/autoware_cmake -DCMAKE_INSTALL_PREFIX=/home/yck/Desktop/GITHUB/CppTest/Cpp_Gtest_Projects/Project_5/autoware_cmake/install/autoware_cmake
[0.080s] -- Found ament_cmake_auto: 1.3.5 (/opt/ros/humble/share/ament_cmake_auto/cmake)
[0.523s] -- Found Python3: /usr/bin/python3.10 (found version "3.10.12") found components: Interpreter 
[0.710s] -- Found ament_lint_auto: 0.12.8 (/opt/ros/humble/share/ament_lint_auto/cmake)
[0.717s] -- Configuring done
[0.719s] -- Generating done
[0.719s] -- Build files have been written to: /home/yck/Desktop/GITHUB/CppTest/Cpp_Gtest_Projects/Project_5/autoware_cmake/build/autoware_cmake
[0.723s] Invoked command in '/home/yck/Desktop/GITHUB/CppTest/Cpp_Gtest_Projects/Project_5/autoware_cmake/build/autoware_cmake' returned '0': CMAKE_PREFIX_PATH=/opt/ros/humble /usr/bin/cmake /home/yck/Desktop/GITHUB/CppTest/Cpp_Gtest_Projects/Project_5/autoware_cmake -DCMAKE_INSTALL_PREFIX=/home/yck/Desktop/GITHUB/CppTest/Cpp_Gtest_Projects/Project_5/autoware_cmake/install/autoware_cmake
[0.727s] Invoking command in '/home/yck/Desktop/GITHUB/CppTest/Cpp_Gtest_Projects/Project_5/autoware_cmake/build/autoware_cmake': CMAKE_PREFIX_PATH=/opt/ros/humble /usr/bin/cmake --build /home/yck/Desktop/GITHUB/CppTest/Cpp_Gtest_Projects/Project_5/autoware_cmake/build/autoware_cmake -- -j96 -l96
[0.796s] Invoked command in '/home/yck/Desktop/GITHUB/CppTest/Cpp_Gtest_Projects/Project_5/autoware_cmake/build/autoware_cmake' returned '0': CMAKE_PREFIX_PATH=/opt/ros/humble /usr/bin/cmake --build /home/yck/Desktop/GITHUB/CppTest/Cpp_Gtest_Projects/Project_5/autoware_cmake/build/autoware_cmake -- -j96 -l96
[0.865s] Invoking command in '/home/yck/Desktop/GITHUB/CppTest/Cpp_Gtest_Projects/Project_5/autoware_cmake/build/autoware_cmake': CMAKE_PREFIX_PATH=/opt/ros/humble /usr/bin/cmake --install /home/yck/Desktop/GITHUB/CppTest/Cpp_Gtest_Projects/Project_5/autoware_cmake/build/autoware_cmake
[0.881s] -- Install configuration: ""
[0.881s] -- Installing: /home/yck/Desktop/GITHUB/CppTest/Cpp_Gtest_Projects/Project_5/autoware_cmake/install/autoware_cmake/share/autoware_cmake/cmake
[0.882s] -- Installing: /home/yck/Desktop/GITHUB/CppTest/Cpp_Gtest_Projects/Project_5/autoware_cmake/install/autoware_cmake/share/autoware_cmake/cmake/autoware_package.cmake
[0.882s] -- Installing: /home/yck/Desktop/GITHUB/CppTest/Cpp_Gtest_Projects/Project_5/autoware_cmake/install/autoware_cmake/share/ament_index/resource_index/package_run_dependencies/autoware_cmake
[0.882s] -- Installing: /home/yck/Desktop/GITHUB/CppTest/Cpp_Gtest_Projects/Project_5/autoware_cmake/install/autoware_cmake/share/ament_index/resource_index/parent_prefix_path/autoware_cmake
[0.883s] -- Installing: /home/yck/Desktop/GITHUB/CppTest/Cpp_Gtest_Projects/Project_5/autoware_cmake/install/autoware_cmake/share/autoware_cmake/environment/ament_prefix_path.sh
[0.883s] -- Installing: /home/yck/Desktop/GITHUB/CppTest/Cpp_Gtest_Projects/Project_5/autoware_cmake/install/autoware_cmake/share/autoware_cmake/environment/ament_prefix_path.dsv
[0.883s] -- Installing: /home/yck/Desktop/GITHUB/CppTest/Cpp_Gtest_Projects/Project_5/autoware_cmake/install/autoware_cmake/share/autoware_cmake/environment/path.sh
[0.883s] -- Installing: /home/yck/Desktop/GITHUB/CppTest/Cpp_Gtest_Projects/Project_5/autoware_cmake/install/autoware_cmake/share/autoware_cmake/environment/path.dsv
[0.884s] -- Installing: /home/yck/Desktop/GITHUB/CppTest/Cpp_Gtest_Projects/Project_5/autoware_cmake/install/autoware_cmake/share/autoware_cmake/local_setup.bash
[0.884s] -- Installing: /home/yck/Desktop/GITHUB/CppTest/Cpp_Gtest_Projects/Project_5/autoware_cmake/install/autoware_cmake/share/autoware_cmake/local_setup.sh
[0.884s] -- Installing: /home/yck/Desktop/GITHUB/CppTest/Cpp_Gtest_Projects/Project_5/autoware_cmake/install/autoware_cmake/share/autoware_cmake/local_setup.zsh
[0.884s] -- Installing: /home/yck/Desktop/GITHUB/CppTest/Cpp_Gtest_Projects/Project_5/autoware_cmake/install/autoware_cmake/share/autoware_cmake/local_setup.dsv
[0.885s] -- Installing: /home/yck/Desktop/GITHUB/CppTest/Cpp_Gtest_Projects/Project_5/autoware_cmake/install/autoware_cmake/share/autoware_cmake/package.dsv
[0.885s] -- Installing: /home/yck/Desktop/GITHUB/CppTest/Cpp_Gtest_Projects/Project_5/autoware_cmake/install/autoware_cmake/share/ament_index/resource_index/packages/autoware_cmake
[0.885s] -- Installing: /home/yck/Desktop/GITHUB/CppTest/Cpp_Gtest_Projects/Project_5/autoware_cmake/install/autoware_cmake/share/autoware_cmake/cmake/autoware_cmake-extras.cmake
[0.885s] -- Installing: /home/yck/Desktop/GITHUB/CppTest/Cpp_Gtest_Projects/Project_5/autoware_cmake/install/autoware_cmake/share/autoware_cmake/cmake/ament_cmake_export_dependencies-extras.cmake
[0.885s] -- Installing: /home/yck/Desktop/GITHUB/CppTest/Cpp_Gtest_Projects/Project_5/autoware_cmake/install/autoware_cmake/share/autoware_cmake/cmake/autoware_cmakeConfig.cmake
[0.886s] -- Installing: /home/yck/Desktop/GITHUB/CppTest/Cpp_Gtest_Projects/Project_5/autoware_cmake/install/autoware_cmake/share/autoware_cmake/cmake/autoware_cmakeConfig-version.cmake
[0.886s] -- Installing: /home/yck/Desktop/GITHUB/CppTest/Cpp_Gtest_Projects/Project_5/autoware_cmake/install/autoware_cmake/share/autoware_cmake/package.xml
[0.889s] Invoked command in '/home/yck/Desktop/GITHUB/CppTest/Cpp_Gtest_Projects/Project_5/autoware_cmake/build/autoware_cmake' returned '0': CMAKE_PREFIX_PATH=/opt/ros/humble /usr/bin/cmake --install /home/yck/Desktop/GITHUB/CppTest/Cpp_Gtest_Projects/Project_5/autoware_cmake/build/autoware_cmake
