[0.731s] DEBUG:colcon:Command line arguments: ['/usr/bin/colcon', 'build']
[0.731s] DEBUG:colcon:Parsed command line arguments: Namespace(log_base=None, log_level=None, verb_name='build', build_base='build', install_base='install', merge_install=False, symlink_install=False, test_result_base=None, continue_on_error=False, executor='parallel', parallel_workers=96, event_handlers=None, ignore_user_meta=False, metas=['./colcon.meta'], base_paths=['.'], packages_ignore=None, packages_ignore_regex=None, paths=None, packages_up_to=None, packages_up_to_regex=None, packages_above=None, packages_above_and_dependencies=None, packages_above_depth=None, packages_select_by_dep=None, packages_skip_by_dep=None, packages_skip_up_to=None, packages_select_build_failed=False, packages_skip_build_finished=False, packages_select_test_failures=False, packages_skip_test_passed=False, packages_select=None, packages_skip=None, packages_select_regex=None, packages_skip_regex=None, packages_start=None, packages_end=None, allow_overriding=[], cmake_args=None, cmake_target=None, cmake_target_skip_unavailable=False, cmake_clean_cache=False, cmake_clean_first=False, cmake_force_configure=False, ament_cmake_args=None, catkin_cmake_args=None, catkin_skip_building_tests=False, verb_parser=<colcon_defaults.argument_parser.defaults.DefaultArgumentsDecorator object at 0x7f621d282920>, verb_extension=<colcon_core.verb.build.BuildVerb object at 0x7f621d611810>, main=<bound method BuildVerb.main of <colcon_core.verb.build.BuildVerb object at 0x7f621d611810>>)
[0.790s] Level 1:colcon.colcon_core.package_discovery:discover_packages(colcon_meta) check parameters
[0.790s] Level 1:colcon.colcon_core.package_discovery:discover_packages(recursive) check parameters
[0.790s] Level 1:colcon.colcon_core.package_discovery:discover_packages(ignore) check parameters
[0.790s] Level 1:colcon.colcon_core.package_discovery:discover_packages(path) check parameters
[0.790s] Level 1:colcon.colcon_core.package_discovery:discover_packages(colcon_meta) discover
[0.790s] Level 1:colcon.colcon_core.package_discovery:discover_packages(recursive) discover
[0.790s] INFO:colcon.colcon_core.package_discovery:Crawling recursively for packages in '/home/yck/Desktop/GITHUB/CppTest/Cpp_Gtest_Projects/Project_5/autoware_cmake'
[0.790s] Level 1:colcon.colcon_core.package_identification:_identify(.) by extensions ['ignore', 'ignore_ament_install']
[0.790s] Level 1:colcon.colcon_core.package_identification:_identify(.) by extension 'ignore'
[0.790s] Level 1:colcon.colcon_core.package_identification:_identify(.) by extension 'ignore_ament_install'
[0.790s] Level 1:colcon.colcon_core.package_identification:_identify(.) by extensions ['colcon_pkg']
[0.790s] Level 1:colcon.colcon_core.package_identification:_identify(.) by extension 'colcon_pkg'
[0.790s] Level 1:colcon.colcon_core.package_identification:_identify(.) by extensions ['colcon_meta']
[0.790s] Level 1:colcon.colcon_core.package_identification:_identify(.) by extension 'colcon_meta'
[0.790s] Level 1:colcon.colcon_core.package_identification:_identify(.) by extensions ['ros']
[0.790s] Level 1:colcon.colcon_core.package_identification:_identify(.) by extension 'ros'
[0.804s] DEBUG:colcon.colcon_core.package_identification:Package '.' with type 'ros.ament_cmake' and name 'autoware_cmake'
[0.804s] Level 1:colcon.colcon_core.package_discovery:discover_packages(recursive) using defaults
[0.804s] Level 1:colcon.colcon_core.package_discovery:discover_packages(ignore) discover
[0.804s] Level 1:colcon.colcon_core.package_discovery:discover_packages(ignore) using defaults
[0.804s] Level 1:colcon.colcon_core.package_discovery:discover_packages(path) discover
[0.804s] Level 1:colcon.colcon_core.package_discovery:discover_packages(path) using defaults
[0.871s] Level 1:colcon.colcon_core.package_discovery:discover_packages(prefix_path) check parameters
[0.871s] Level 1:colcon.colcon_core.package_discovery:discover_packages(prefix_path) discover
[0.892s] DEBUG:colcon.colcon_installed_package_information.package_discovery:Found 180 installed packages in /opt/ros/humble
[0.893s] Level 1:colcon.colcon_core.package_discovery:discover_packages(prefix_path) using defaults
[0.936s] Level 5:colcon.colcon_core.verb:set package 'autoware_cmake' build argument 'cmake_args' from command line to 'None'
[0.936s] Level 5:colcon.colcon_core.verb:set package 'autoware_cmake' build argument 'cmake_target' from command line to 'None'
[0.936s] Level 5:colcon.colcon_core.verb:set package 'autoware_cmake' build argument 'cmake_target_skip_unavailable' from command line to 'False'
[0.936s] Level 5:colcon.colcon_core.verb:set package 'autoware_cmake' build argument 'cmake_clean_cache' from command line to 'False'
[0.936s] Level 5:colcon.colcon_core.verb:set package 'autoware_cmake' build argument 'cmake_clean_first' from command line to 'False'
[0.936s] Level 5:colcon.colcon_core.verb:set package 'autoware_cmake' build argument 'cmake_force_configure' from command line to 'False'
[0.936s] Level 5:colcon.colcon_core.verb:set package 'autoware_cmake' build argument 'ament_cmake_args' from command line to 'None'
[0.936s] Level 5:colcon.colcon_core.verb:set package 'autoware_cmake' build argument 'catkin_cmake_args' from command line to 'None'
[0.936s] Level 5:colcon.colcon_core.verb:set package 'autoware_cmake' build argument 'catkin_skip_building_tests' from command line to 'False'
[0.936s] DEBUG:colcon.colcon_core.verb:Building package 'autoware_cmake' with the following arguments: {'ament_cmake_args': None, 'build_base': '/home/yck/Desktop/GITHUB/CppTest/Cpp_Gtest_Projects/Project_5/autoware_cmake/build/autoware_cmake', 'catkin_cmake_args': None, 'catkin_skip_building_tests': False, 'cmake_args': None, 'cmake_clean_cache': False, 'cmake_clean_first': False, 'cmake_force_configure': False, 'cmake_target': None, 'cmake_target_skip_unavailable': False, 'install_base': '/home/yck/Desktop/GITHUB/CppTest/Cpp_Gtest_Projects/Project_5/autoware_cmake/install/autoware_cmake', 'merge_install': False, 'path': '/home/yck/Desktop/GITHUB/CppTest/Cpp_Gtest_Projects/Project_5/autoware_cmake', 'symlink_install': False, 'test_result_base': None}
[0.946s] INFO:colcon.colcon_core.executor:Executing jobs using 'parallel' executor
[0.958s] DEBUG:colcon.colcon_parallel_executor.executor.parallel:run_until_complete
[0.958s] INFO:colcon.colcon_ros.task.ament_cmake.build:Building ROS package in '/home/yck/Desktop/GITHUB/CppTest/Cpp_Gtest_Projects/Project_5/autoware_cmake' with build type 'ament_cmake'
[0.958s] INFO:colcon.colcon_cmake.task.cmake.build:Building CMake package in '/home/yck/Desktop/GITHUB/CppTest/Cpp_Gtest_Projects/Project_5/autoware_cmake'
[0.970s] INFO:colcon.colcon_core.plugin_system:Skipping extension 'colcon_core.shell.bat': Not used on non-Windows systems
[0.970s] INFO:colcon.colcon_core.shell:Skip shell extension 'powershell' for command environment: Not usable outside of PowerShell
[0.970s] DEBUG:colcon.colcon_core.shell:Skip shell extension 'dsv' for command environment
[1.002s] DEBUG:colcon.colcon_core.event_handler.log_command:Invoking command in '/home/yck/Desktop/GITHUB/CppTest/Cpp_Gtest_Projects/Project_5/autoware_cmake/build/autoware_cmake': CMAKE_PREFIX_PATH=/opt/ros/humble /usr/bin/cmake /home/yck/Desktop/GITHUB/CppTest/Cpp_Gtest_Projects/Project_5/autoware_cmake -DCMAKE_INSTALL_PREFIX=/home/yck/Desktop/GITHUB/CppTest/Cpp_Gtest_Projects/Project_5/autoware_cmake/install/autoware_cmake
[1.681s] DEBUG:colcon.colcon_core.event_handler.log_command:Invoked command in '/home/yck/Desktop/GITHUB/CppTest/Cpp_Gtest_Projects/Project_5/autoware_cmake/build/autoware_cmake' returned '0': CMAKE_PREFIX_PATH=/opt/ros/humble /usr/bin/cmake /home/yck/Desktop/GITHUB/CppTest/Cpp_Gtest_Projects/Project_5/autoware_cmake -DCMAKE_INSTALL_PREFIX=/home/yck/Desktop/GITHUB/CppTest/Cpp_Gtest_Projects/Project_5/autoware_cmake/install/autoware_cmake
[1.686s] DEBUG:colcon.colcon_core.event_handler.log_command:Invoking command in '/home/yck/Desktop/GITHUB/CppTest/Cpp_Gtest_Projects/Project_5/autoware_cmake/build/autoware_cmake': CMAKE_PREFIX_PATH=/opt/ros/humble /usr/bin/cmake --build /home/yck/Desktop/GITHUB/CppTest/Cpp_Gtest_Projects/Project_5/autoware_cmake/build/autoware_cmake -- -j96 -l96
[1.755s] DEBUG:colcon.colcon_core.event_handler.log_command:Invoked command in '/home/yck/Desktop/GITHUB/CppTest/Cpp_Gtest_Projects/Project_5/autoware_cmake/build/autoware_cmake' returned '0': CMAKE_PREFIX_PATH=/opt/ros/humble /usr/bin/cmake --build /home/yck/Desktop/GITHUB/CppTest/Cpp_Gtest_Projects/Project_5/autoware_cmake/build/autoware_cmake -- -j96 -l96
[1.824s] DEBUG:colcon.colcon_core.event_handler.log_command:Invoking command in '/home/yck/Desktop/GITHUB/CppTest/Cpp_Gtest_Projects/Project_5/autoware_cmake/build/autoware_cmake': CMAKE_PREFIX_PATH=/opt/ros/humble /usr/bin/cmake --install /home/yck/Desktop/GITHUB/CppTest/Cpp_Gtest_Projects/Project_5/autoware_cmake/build/autoware_cmake
[1.846s] Level 1:colcon.colcon_core.environment:create_environment_scripts_only(autoware_cmake)
[1.847s] DEBUG:colcon.colcon_core.event_handler.log_command:Invoked command in '/home/yck/Desktop/GITHUB/CppTest/Cpp_Gtest_Projects/Project_5/autoware_cmake/build/autoware_cmake' returned '0': CMAKE_PREFIX_PATH=/opt/ros/humble /usr/bin/cmake --install /home/yck/Desktop/GITHUB/CppTest/Cpp_Gtest_Projects/Project_5/autoware_cmake/build/autoware_cmake
[1.880s] Level 1:colcon.colcon_core.environment:checking '/home/yck/Desktop/GITHUB/CppTest/Cpp_Gtest_Projects/Project_5/autoware_cmake/install/autoware_cmake' for CMake module files
[1.880s] Level 1:colcon.colcon_core.environment:checking '/home/yck/Desktop/GITHUB/CppTest/Cpp_Gtest_Projects/Project_5/autoware_cmake/install/autoware_cmake' for CMake config files
[1.881s] Level 1:colcon.colcon_core.shell:create_environment_hook('autoware_cmake', 'cmake_prefix_path')
[1.893s] INFO:colcon.colcon_core.shell:Creating environment hook '/home/yck/Desktop/GITHUB/CppTest/Cpp_Gtest_Projects/Project_5/autoware_cmake/install/autoware_cmake/share/autoware_cmake/hook/cmake_prefix_path.ps1'
[1.902s] INFO:colcon.colcon_core.shell:Creating environment descriptor '/home/yck/Desktop/GITHUB/CppTest/Cpp_Gtest_Projects/Project_5/autoware_cmake/install/autoware_cmake/share/autoware_cmake/hook/cmake_prefix_path.dsv'
[1.902s] INFO:colcon.colcon_core.shell:Creating environment hook '/home/yck/Desktop/GITHUB/CppTest/Cpp_Gtest_Projects/Project_5/autoware_cmake/install/autoware_cmake/share/autoware_cmake/hook/cmake_prefix_path.sh'
[1.903s] Level 1:colcon.colcon_core.environment:checking '/home/yck/Desktop/GITHUB/CppTest/Cpp_Gtest_Projects/Project_5/autoware_cmake/install/autoware_cmake/bin'
[1.903s] Level 1:colcon.colcon_core.environment:checking '/home/yck/Desktop/GITHUB/CppTest/Cpp_Gtest_Projects/Project_5/autoware_cmake/install/autoware_cmake/lib/pkgconfig/autoware_cmake.pc'
[1.903s] Level 1:colcon.colcon_core.environment:checking '/home/yck/Desktop/GITHUB/CppTest/Cpp_Gtest_Projects/Project_5/autoware_cmake/install/autoware_cmake/lib/python3.10/site-packages'
[1.904s] Level 1:colcon.colcon_core.environment:checking '/home/yck/Desktop/GITHUB/CppTest/Cpp_Gtest_Projects/Project_5/autoware_cmake/install/autoware_cmake/bin'
[1.917s] INFO:colcon.colcon_core.shell:Creating package script '/home/yck/Desktop/GITHUB/CppTest/Cpp_Gtest_Projects/Project_5/autoware_cmake/install/autoware_cmake/share/autoware_cmake/package.ps1'
[1.917s] INFO:colcon.colcon_core.shell:Creating package descriptor '/home/yck/Desktop/GITHUB/CppTest/Cpp_Gtest_Projects/Project_5/autoware_cmake/install/autoware_cmake/share/autoware_cmake/package.dsv'
[1.918s] INFO:colcon.colcon_core.shell:Creating package script '/home/yck/Desktop/GITHUB/CppTest/Cpp_Gtest_Projects/Project_5/autoware_cmake/install/autoware_cmake/share/autoware_cmake/package.sh'
[1.918s] INFO:colcon.colcon_core.shell:Creating package script '/home/yck/Desktop/GITHUB/CppTest/Cpp_Gtest_Projects/Project_5/autoware_cmake/install/autoware_cmake/share/autoware_cmake/package.bash'
[1.919s] INFO:colcon.colcon_core.shell:Creating package script '/home/yck/Desktop/GITHUB/CppTest/Cpp_Gtest_Projects/Project_5/autoware_cmake/install/autoware_cmake/share/autoware_cmake/package.zsh'
[1.919s] Level 1:colcon.colcon_core.environment:create_file_with_runtime_dependencies(/home/yck/Desktop/GITHUB/CppTest/Cpp_Gtest_Projects/Project_5/autoware_cmake/install/autoware_cmake/share/colcon-core/packages/autoware_cmake)
[1.990s] Level 1:colcon.colcon_core.environment:create_environment_scripts_only(autoware_cmake)
[2.003s] Level 1:colcon.colcon_core.environment:checking '/home/yck/Desktop/GITHUB/CppTest/Cpp_Gtest_Projects/Project_5/autoware_cmake/install/autoware_cmake' for CMake module files
[2.003s] Level 1:colcon.colcon_core.environment:checking '/home/yck/Desktop/GITHUB/CppTest/Cpp_Gtest_Projects/Project_5/autoware_cmake/install/autoware_cmake' for CMake config files
[2.003s] Level 1:colcon.colcon_core.shell:create_environment_hook('autoware_cmake', 'cmake_prefix_path')
[2.014s] INFO:colcon.colcon_core.shell:Creating environment hook '/home/yck/Desktop/GITHUB/CppTest/Cpp_Gtest_Projects/Project_5/autoware_cmake/install/autoware_cmake/share/autoware_cmake/hook/cmake_prefix_path.ps1'
[2.014s] INFO:colcon.colcon_core.shell:Creating environment descriptor '/home/yck/Desktop/GITHUB/CppTest/Cpp_Gtest_Projects/Project_5/autoware_cmake/install/autoware_cmake/share/autoware_cmake/hook/cmake_prefix_path.dsv'
[2.014s] INFO:colcon.colcon_core.shell:Creating environment hook '/home/yck/Desktop/GITHUB/CppTest/Cpp_Gtest_Projects/Project_5/autoware_cmake/install/autoware_cmake/share/autoware_cmake/hook/cmake_prefix_path.sh'
[2.015s] Level 1:colcon.colcon_core.environment:checking '/home/yck/Desktop/GITHUB/CppTest/Cpp_Gtest_Projects/Project_5/autoware_cmake/install/autoware_cmake/bin'
[2.015s] Level 1:colcon.colcon_core.environment:checking '/home/yck/Desktop/GITHUB/CppTest/Cpp_Gtest_Projects/Project_5/autoware_cmake/install/autoware_cmake/lib/pkgconfig/autoware_cmake.pc'
[2.015s] Level 1:colcon.colcon_core.environment:checking '/home/yck/Desktop/GITHUB/CppTest/Cpp_Gtest_Projects/Project_5/autoware_cmake/install/autoware_cmake/lib/python3.10/site-packages'
[2.015s] Level 1:colcon.colcon_core.environment:checking '/home/yck/Desktop/GITHUB/CppTest/Cpp_Gtest_Projects/Project_5/autoware_cmake/install/autoware_cmake/bin'
[2.026s] INFO:colcon.colcon_core.shell:Creating package script '/home/yck/Desktop/GITHUB/CppTest/Cpp_Gtest_Projects/Project_5/autoware_cmake/install/autoware_cmake/share/autoware_cmake/package.ps1'
[2.026s] INFO:colcon.colcon_core.shell:Creating package descriptor '/home/yck/Desktop/GITHUB/CppTest/Cpp_Gtest_Projects/Project_5/autoware_cmake/install/autoware_cmake/share/autoware_cmake/package.dsv'
[2.026s] INFO:colcon.colcon_core.shell:Creating package script '/home/yck/Desktop/GITHUB/CppTest/Cpp_Gtest_Projects/Project_5/autoware_cmake/install/autoware_cmake/share/autoware_cmake/package.sh'
[2.027s] INFO:colcon.colcon_core.shell:Creating package script '/home/yck/Desktop/GITHUB/CppTest/Cpp_Gtest_Projects/Project_5/autoware_cmake/install/autoware_cmake/share/autoware_cmake/package.bash'
[2.027s] INFO:colcon.colcon_core.shell:Creating package script '/home/yck/Desktop/GITHUB/CppTest/Cpp_Gtest_Projects/Project_5/autoware_cmake/install/autoware_cmake/share/autoware_cmake/package.zsh'
[2.027s] Level 1:colcon.colcon_core.environment:create_file_with_runtime_dependencies(/home/yck/Desktop/GITHUB/CppTest/Cpp_Gtest_Projects/Project_5/autoware_cmake/install/autoware_cmake/share/colcon-core/packages/autoware_cmake)
[2.027s] DEBUG:colcon.colcon_parallel_executor.executor.parallel:closing loop
[2.027s] DEBUG:colcon.colcon_parallel_executor.executor.parallel:loop closed
[2.027s] DEBUG:colcon.colcon_parallel_executor.executor.parallel:run_until_complete finished with '0'
[2.028s] DEBUG:colcon.colcon_core.event_reactor:joining thread
[2.063s] INFO:colcon.colcon_core.plugin_system:Skipping extension 'colcon_notification.desktop_notification.terminal_notifier': Not used on non-Darwin systems
[2.063s] INFO:colcon.colcon_core.plugin_system:Skipping extension 'colcon_notification.desktop_notification.win32': Not used on non-Windows systems
[2.063s] INFO:colcon.colcon_notification.desktop_notification:Sending desktop notification using 'notify2'
[2.099s] DEBUG:colcon.colcon_core.event_reactor:joined thread
[2.128s] INFO:colcon.colcon_core.shell:Creating prefix script '/home/yck/Desktop/GITHUB/CppTest/Cpp_Gtest_Projects/Project_5/autoware_cmake/install/local_setup.ps1'
[2.129s] INFO:colcon.colcon_core.shell:Creating prefix util module '/home/yck/Desktop/GITHUB/CppTest/Cpp_Gtest_Projects/Project_5/autoware_cmake/install/_local_setup_util_ps1.py'
[2.132s] INFO:colcon.colcon_core.shell:Creating prefix chain script '/home/yck/Desktop/GITHUB/CppTest/Cpp_Gtest_Projects/Project_5/autoware_cmake/install/setup.ps1'
[2.144s] INFO:colcon.colcon_core.shell:Creating prefix script '/home/yck/Desktop/GITHUB/CppTest/Cpp_Gtest_Projects/Project_5/autoware_cmake/install/local_setup.sh'
[2.145s] INFO:colcon.colcon_core.shell:Creating prefix util module '/home/yck/Desktop/GITHUB/CppTest/Cpp_Gtest_Projects/Project_5/autoware_cmake/install/_local_setup_util_sh.py'
[2.145s] INFO:colcon.colcon_core.shell:Creating prefix chain script '/home/yck/Desktop/GITHUB/CppTest/Cpp_Gtest_Projects/Project_5/autoware_cmake/install/setup.sh'
[2.156s] INFO:colcon.colcon_core.shell:Creating prefix script '/home/yck/Desktop/GITHUB/CppTest/Cpp_Gtest_Projects/Project_5/autoware_cmake/install/local_setup.bash'
[2.156s] INFO:colcon.colcon_core.shell:Creating prefix chain script '/home/yck/Desktop/GITHUB/CppTest/Cpp_Gtest_Projects/Project_5/autoware_cmake/install/setup.bash'
[2.167s] INFO:colcon.colcon_core.shell:Creating prefix script '/home/yck/Desktop/GITHUB/CppTest/Cpp_Gtest_Projects/Project_5/autoware_cmake/install/local_setup.zsh'
[2.167s] INFO:colcon.colcon_core.shell:Creating prefix chain script '/home/yck/Desktop/GITHUB/CppTest/Cpp_Gtest_Projects/Project_5/autoware_cmake/install/setup.zsh'
