-- The C compiler identification is GNU 11.4.0
-- The CXX compiler identification is GNU 11.4.0
-- Detecting C compiler ABI info
-- Detecting C compiler ABI info - done
-- Check for working C compiler: /usr/bin/cc - skipped
-- Detecting C compile features
-- Detecting C compile features - done
-- Detecting CXX compiler ABI info
-- Detecting CXX compiler ABI info - done
-- Check for working CXX compiler: /usr/bin/c++ - skipped
-- Detecting CXX compile features
-- Detecting CXX compile features - done
-- Found autoware_cmake: 0.1.0 (/home/eby/autoware/install/autoware_cmake/share/autoware_cmake/cmake)
-- Found Python3: /usr/bin/python3.10 (found version "3.10.12") found components: Interpreter 
-- Found rosidl_generator_c: 3.1.5 (/opt/ros/humble/share/rosidl_generator_c/cmake)
-- Found rosidl_adapter: 3.1.5 (/opt/ros/humble/share/rosidl_adapter/cmake)
-- Found rosidl_generator_cpp: 3.1.5 (/opt/ros/humble/share/rosidl_generator_cpp/cmake)
-- Using all available rosidl_typesupport_c: rosidl_typesupport_fastrtps_c;rosidl_typesupport_introspection_c
-- Using all available rosidl_typesupport_cpp: rosidl_typesupport_fastrtps_cpp;rosidl_typesupport_introspection_cpp
-- Found rmw_implementation_cmake: 6.1.1 (/opt/ros/humble/share/rmw_implementation_cmake/cmake)
-- Found rmw_cyclonedds_cpp: 1.3.4 (/opt/ros/humble/share/rmw_cyclonedds_cpp/cmake)
-- Using RMW implementation 'rmw_cyclonedds_cpp' as default
-- Looking for pthread.h
-- Looking for pthread.h - found
-- Performing Test CMAKE_HAVE_LIBC_PTHREAD
-- Performing Test CMAKE_HAVE_LIBC_PTHREAD - Success
-- Found Threads: TRUE  
-- Found eigen3_cmake_module: 0.1.1 (/opt/ros/humble/share/eigen3_cmake_module/cmake)
-- Found Eigen3: TRUE (found version "3.4.0") 
-- Ensuring Eigen3 include directory is part of orocos-kdl CMake target
-- Found ament_lint_auto: 0.12.9 (/opt/ros/humble/share/ament_lint_auto/cmake)
-- Found gtest sources under '/opt/ros/humble/src/gtest_vendor': C++ tests using 'Google Test' will be built
-- Added test 'copyright' to check source files copyright and LICENSE
-- Added test 'cppcheck' to perform static code analysis on C / C++ code
-- Configured cppcheck include dirs: /home/eby/Desktop/GITHUB/Cpp_Gtest_Projects/Project_5/autoware_auto_control_msgs/include/autoware_auto_control_msgs;/home/eby/Desktop/GITHUB/Cpp_Gtest_Projects/Project_5/mpc_lateral_controller/include
-- Configured cppcheck exclude dirs and/or files: 
-- Added test 'lint_cmake' to check CMake code style
-- Added test 'xmllint' to check XML markup files
-- Configuring done
-- Generating done
-- Build files have been written to: /home/eby/Desktop/GITHUB/Cpp_Gtest_Projects/Project_5/build/mpc_lateral_controller
[  4%] [32mBuilding CXX object gtest/CMakeFiles/gtest.dir/src/gtest-all.cc.o[0m
[  8%] [32mBuilding CXX object gtest/CMakeFiles/gtest_main.dir/src/gtest_main.cc.o[0m
[ 13%] [32mBuilding CXX object CMakeFiles/steering_offset_lib.dir/src/steering_offset/steering_offset.cpp.o[0m
[ 17%] [32m[1mLinking CXX shared library libsteering_offset_lib.so[0m
[ 21%] [32m[1mLinking CXX static library libgtest_main.a[0m
[ 21%] Built target gtest_main
[ 26%] [32m[1mLinking CXX static library libgtest.a[0m
[ 26%] Built target gtest
[ 26%] Built target steering_offset_lib
[ 30%] [32mBuilding CXX object CMakeFiles/mpc_lateral_controller_lib.dir/src/qp_solver/qp_solver_unconstraint_fast.cpp.o[0m
[ 34%] [32mBuilding CXX object CMakeFiles/mpc_lateral_controller_lib.dir/src/lowpass_filter.cpp.o[0m
[ 39%] [32mBuilding CXX object CMakeFiles/mpc_lateral_controller_lib.dir/src/mpc.cpp.o[0m
[ 47%] [32mBuilding CXX object CMakeFiles/mpc_lateral_controller_lib.dir/src/mpc_utils.cpp.o[0m
[ 47%] [32mBuilding CXX object CMakeFiles/mpc_lateral_controller_lib.dir/src/mpc_lateral_controller.cpp.o[0m
[ 52%] [32mBuilding CXX object CMakeFiles/mpc_lateral_controller_lib.dir/src/steering_predictor.cpp.o[0m
[ 56%] [32mBuilding CXX object CMakeFiles/mpc_lateral_controller_lib.dir/src/mpc_trajectory.cpp.o[0m
[ 60%] [32mBuilding CXX object CMakeFiles/mpc_lateral_controller_lib.dir/src/qp_solver/qp_solver_osqp.cpp.o[0m
[ 65%] [32mBuilding CXX object CMakeFiles/mpc_lateral_controller_lib.dir/src/vehicle_model/vehicle_model_bicycle_dynamics.cpp.o[0m
[ 69%] [32mBuilding CXX object CMakeFiles/mpc_lateral_controller_lib.dir/src/vehicle_model/vehicle_model_bicycle_kinematics_no_delay.cpp.o[0m
[ 73%] [32mBuilding CXX object CMakeFiles/mpc_lateral_controller_lib.dir/src/vehicle_model/vehicle_model_bicycle_kinematics.cpp.o[0m
[ 78%] [32mBuilding CXX object CMakeFiles/mpc_lateral_controller_lib.dir/src/vehicle_model/vehicle_model_interface.cpp.o[0m
[ 82%] [32m[1mLinking CXX shared library libmpc_lateral_controller_lib.so[0m
[ 82%] Built target mpc_lateral_controller_lib
[ 86%] [32mBuilding CXX object CMakeFiles/test_lateral_controller.dir/test/test_mpc.cpp.o[0m
[ 91%] [32mBuilding CXX object CMakeFiles/test_lateral_controller.dir/test/test_lowpass_filter.cpp.o[0m
[ 95%] [32mBuilding CXX object CMakeFiles/test_lateral_controller.dir/test/test_mpc_utils.cpp.o[0m
[100%] [32m[1mLinking CXX executable test_lateral_controller[0m
[100%] Built target test_lateral_controller
-- Install configuration: ""
-- Installing: /home/eby/Desktop/GITHUB/Cpp_Gtest_Projects/Project_5/install/mpc_lateral_controller/share/mpc_lateral_controller/environment/library_path.sh
-- Installing: /home/eby/Desktop/GITHUB/Cpp_Gtest_Projects/Project_5/install/mpc_lateral_controller/share/mpc_lateral_controller/environment/library_path.dsv
-- Installing: /home/eby/Desktop/GITHUB/Cpp_Gtest_Projects/Project_5/install/mpc_lateral_controller/lib/libsteering_offset_lib.so
-- Set runtime path of "/home/eby/Desktop/GITHUB/Cpp_Gtest_Projects/Project_5/install/mpc_lateral_controller/lib/libsteering_offset_lib.so" to ""
-- Installing: /home/eby/Desktop/GITHUB/Cpp_Gtest_Projects/Project_5/install/mpc_lateral_controller/lib/libmpc_lateral_controller_lib.so
-- Set runtime path of "/home/eby/Desktop/GITHUB/Cpp_Gtest_Projects/Project_5/install/mpc_lateral_controller/lib/libmpc_lateral_controller_lib.so" to ""
-- Installing: /home/eby/Desktop/GITHUB/Cpp_Gtest_Projects/Project_5/install/mpc_lateral_controller/share/mpc_lateral_controller/param
-- Installing: /home/eby/Desktop/GITHUB/Cpp_Gtest_Projects/Project_5/install/mpc_lateral_controller/share/mpc_lateral_controller/param/lateral_controller_defaults.param.yaml
-- Installing: /home/eby/Desktop/GITHUB/Cpp_Gtest_Projects/Project_5/install/mpc_lateral_controller/share/ament_index/resource_index/package_run_dependencies/mpc_lateral_controller
-- Installing: /home/eby/Desktop/GITHUB/Cpp_Gtest_Projects/Project_5/install/mpc_lateral_controller/share/ament_index/resource_index/parent_prefix_path/mpc_lateral_controller
-- Installing: /home/eby/Desktop/GITHUB/Cpp_Gtest_Projects/Project_5/install/mpc_lateral_controller/share/mpc_lateral_controller/environment/ament_prefix_path.sh
-- Installing: /home/eby/Desktop/GITHUB/Cpp_Gtest_Projects/Project_5/install/mpc_lateral_controller/share/mpc_lateral_controller/environment/ament_prefix_path.dsv
-- Installing: /home/eby/Desktop/GITHUB/Cpp_Gtest_Projects/Project_5/install/mpc_lateral_controller/share/mpc_lateral_controller/environment/path.sh
-- Installing: /home/eby/Desktop/GITHUB/Cpp_Gtest_Projects/Project_5/install/mpc_lateral_controller/share/mpc_lateral_controller/environment/path.dsv
-- Installing: /home/eby/Desktop/GITHUB/Cpp_Gtest_Projects/Project_5/install/mpc_lateral_controller/share/mpc_lateral_controller/local_setup.bash
-- Installing: /home/eby/Desktop/GITHUB/Cpp_Gtest_Projects/Project_5/install/mpc_lateral_controller/share/mpc_lateral_controller/local_setup.sh
-- Installing: /home/eby/Desktop/GITHUB/Cpp_Gtest_Projects/Project_5/install/mpc_lateral_controller/share/mpc_lateral_controller/local_setup.zsh
-- Installing: /home/eby/Desktop/GITHUB/Cpp_Gtest_Projects/Project_5/install/mpc_lateral_controller/share/mpc_lateral_controller/local_setup.dsv
-- Installing: /home/eby/Desktop/GITHUB/Cpp_Gtest_Projects/Project_5/install/mpc_lateral_controller/share/mpc_lateral_controller/package.dsv
-- Installing: /home/eby/Desktop/GITHUB/Cpp_Gtest_Projects/Project_5/install/mpc_lateral_controller/share/ament_index/resource_index/packages/mpc_lateral_controller
-- Installing: /home/eby/Desktop/GITHUB/Cpp_Gtest_Projects/Project_5/install/mpc_lateral_controller/share/mpc_lateral_controller/cmake/ament_cmake_export_dependencies-extras.cmake
-- Installing: /home/eby/Desktop/GITHUB/Cpp_Gtest_Projects/Project_5/install/mpc_lateral_controller/share/mpc_lateral_controller/cmake/ament_cmake_export_libraries-extras.cmake
-- Installing: /home/eby/Desktop/GITHUB/Cpp_Gtest_Projects/Project_5/install/mpc_lateral_controller/share/mpc_lateral_controller/cmake/mpc_lateral_controllerConfig.cmake
-- Installing: /home/eby/Desktop/GITHUB/Cpp_Gtest_Projects/Project_5/install/mpc_lateral_controller/share/mpc_lateral_controller/cmake/mpc_lateral_controllerConfig-version.cmake
-- Installing: /home/eby/Desktop/GITHUB/Cpp_Gtest_Projects/Project_5/install/mpc_lateral_controller/share/mpc_lateral_controller/package.xml
