[0.124s] Invoking command in '/home/eby/Desktop/GITHUB/Cpp_Gtest_Projects/Project_5/build/mpc_lateral_controller': CMAKE_PREFIX_PATH=${CMAKE_PREFIX_PATH}:/home/eby/autoware/install/simulator_compatibility_test:/home/eby/autoware/install/ad_api_visualizers:/opt/ros/humble /usr/bin/cmake /home/eby/Desktop/GITHUB/Cpp_Gtest_Projects/Project_5 -DCMAKE_INSTALL_PREFIX=/home/eby/Desktop/GITHUB/Cpp_Gtest_Projects/Project_5/install/mpc_lateral_controller
[0.333s] -- The C compiler identification is GNU 11.4.0
[0.468s] -- The CXX compiler identification is GNU 11.4.0
[0.486s] -- Detecting C compiler ABI info
[0.769s] -- Detecting C compiler ABI info - done
[0.777s] -- Check for working C compiler: /usr/bin/cc - skipped
[0.778s] -- Detecting C compile features
[0.778s] -- Detecting C compile features - done
[0.781s] -- Detecting CXX compiler ABI info
[1.070s] -- Detecting CXX compiler ABI info - done
[1.077s] -- Check for working CXX compiler: /usr/bin/c++ - skipped
[1.077s] -- Detecting CXX compile features
[1.078s] -- Detecting CXX compile features - done
[1.103s] -- Found autoware_cmake: 0.1.0 (/home/eby/autoware/install/autoware_cmake/share/autoware_cmake/cmake)
[1.564s] -- Found Python3: /usr/bin/python3.10 (found version "3.10.12") found components: Interpreter 
[2.494s] -- Found rosidl_generator_c: 3.1.5 (/opt/ros/humble/share/rosidl_generator_c/cmake)
[2.551s] -- Found rosidl_adapter: 3.1.5 (/opt/ros/humble/share/rosidl_adapter/cmake)
[2.616s] -- Found rosidl_generator_cpp: 3.1.5 (/opt/ros/humble/share/rosidl_generator_cpp/cmake)
[2.699s] -- Using all available rosidl_typesupport_c: rosidl_typesupport_fastrtps_c;rosidl_typesupport_introspection_c
[2.813s] -- Using all available rosidl_typesupport_cpp: rosidl_typesupport_fastrtps_cpp;rosidl_typesupport_introspection_cpp
[4.531s] -- Found rmw_implementation_cmake: 6.1.1 (/opt/ros/humble/share/rmw_implementation_cmake/cmake)
[4.575s] -- Found rmw_cyclonedds_cpp: 1.3.4 (/opt/ros/humble/share/rmw_cyclonedds_cpp/cmake)
[4.778s] -- Using RMW implementation 'rmw_cyclonedds_cpp' as default
[4.865s] -- Looking for pthread.h
[5.157s] -- Looking for pthread.h - found
[5.157s] -- Performing Test CMAKE_HAVE_LIBC_PTHREAD
[5.437s] -- Performing Test CMAKE_HAVE_LIBC_PTHREAD - Success
[5.439s] -- Found Threads: TRUE  
[6.543s] -- Found eigen3_cmake_module: 0.1.1 (/opt/ros/humble/share/eigen3_cmake_module/cmake)
[6.544s] -- Found Eigen3: TRUE (found version "3.4.0") 
[6.545s] -- Ensuring Eigen3 include directory is part of orocos-kdl CMake target
[14.694s] -- Found ament_lint_auto: 0.12.9 (/opt/ros/humble/share/ament_lint_auto/cmake)
[59.397s] -- Found gtest sources under '/opt/ros/humble/src/gtest_vendor': C++ tests using 'Google Test' will be built
[59.405s] -- Added test 'copyright' to check source files copyright and LICENSE
[59.487s] -- Added test 'cppcheck' to perform static code analysis on C / C++ code
[59.488s] -- Configured cppcheck include dirs: /home/eby/Desktop/GITHUB/Cpp_Gtest_Projects/Project_5/autoware_auto_control_msgs/include/autoware_auto_control_msgs;/home/eby/Desktop/GITHUB/Cpp_Gtest_Projects/Project_5/mpc_lateral_controller/include
[59.488s] -- Configured cppcheck exclude dirs and/or files: 
[59.511s] -- Added test 'lint_cmake' to check CMake code style
[59.526s] -- Added test 'xmllint' to check XML markup files
[59.537s] -- Configuring done
[59.740s] -- Generating done
[59.742s] -- Build files have been written to: /home/eby/Desktop/GITHUB/Cpp_Gtest_Projects/Project_5/build/mpc_lateral_controller
[59.758s] Invoked command in '/home/eby/Desktop/GITHUB/Cpp_Gtest_Projects/Project_5/build/mpc_lateral_controller' returned '0': CMAKE_PREFIX_PATH=${CMAKE_PREFIX_PATH}:/home/eby/autoware/install/simulator_compatibility_test:/home/eby/autoware/install/ad_api_visualizers:/opt/ros/humble /usr/bin/cmake /home/eby/Desktop/GITHUB/Cpp_Gtest_Projects/Project_5 -DCMAKE_INSTALL_PREFIX=/home/eby/Desktop/GITHUB/Cpp_Gtest_Projects/Project_5/install/mpc_lateral_controller
[59.761s] Invoking command in '/home/eby/Desktop/GITHUB/Cpp_Gtest_Projects/Project_5/build/mpc_lateral_controller': CMAKE_PREFIX_PATH=${CMAKE_PREFIX_PATH}:/home/eby/autoware/install/simulator_compatibility_test:/home/eby/autoware/install/ad_api_visualizers:/opt/ros/humble /usr/bin/cmake --build /home/eby/Desktop/GITHUB/Cpp_Gtest_Projects/Project_5/build/mpc_lateral_controller -- -j8 -l8
[60.016s] [  4%] [32mBuilding CXX object gtest/CMakeFiles/gtest.dir/src/gtest-all.cc.o[0m
[60.019s] [  8%] [32mBuilding CXX object gtest/CMakeFiles/gtest_main.dir/src/gtest_main.cc.o[0m
[60.020s] [ 13%] [32mBuilding CXX object CMakeFiles/steering_offset_lib.dir/src/steering_offset/steering_offset.cpp.o[0m
[60.874s] [ 17%] [32m[1mLinking CXX shared library libsteering_offset_lib.so[0m
[60.981s] [ 21%] [32m[1mLinking CXX static library libgtest_main.a[0m
[61.151s] [ 21%] Built target gtest_main
[63.122s] [ 26%] [32m[1mLinking CXX static library libgtest.a[0m
[63.316s] [ 26%] Built target gtest
[64.595s] [ 26%] Built target steering_offset_lib
[64.747s] [ 30%] [32mBuilding CXX object CMakeFiles/mpc_lateral_controller_lib.dir/src/qp_solver/qp_solver_unconstraint_fast.cpp.o[0m
[64.748s] [ 34%] [32mBuilding CXX object CMakeFiles/mpc_lateral_controller_lib.dir/src/lowpass_filter.cpp.o[0m
[64.748s] [ 39%] [32mBuilding CXX object CMakeFiles/mpc_lateral_controller_lib.dir/src/mpc.cpp.o[0m
[64.750s] [ 47%] [32mBuilding CXX object CMakeFiles/mpc_lateral_controller_lib.dir/src/mpc_utils.cpp.o[0m
[64.750s] [ 47%] [32mBuilding CXX object CMakeFiles/mpc_lateral_controller_lib.dir/src/mpc_lateral_controller.cpp.o[0m
[64.751s] [ 52%] [32mBuilding CXX object CMakeFiles/mpc_lateral_controller_lib.dir/src/steering_predictor.cpp.o[0m
[64.752s] [ 56%] [32mBuilding CXX object CMakeFiles/mpc_lateral_controller_lib.dir/src/mpc_trajectory.cpp.o[0m
[64.757s] [ 60%] [32mBuilding CXX object CMakeFiles/mpc_lateral_controller_lib.dir/src/qp_solver/qp_solver_osqp.cpp.o[0m
[65.959s] [ 65%] [32mBuilding CXX object CMakeFiles/mpc_lateral_controller_lib.dir/src/vehicle_model/vehicle_model_bicycle_dynamics.cpp.o[0m
[70.381s] [ 69%] [32mBuilding CXX object CMakeFiles/mpc_lateral_controller_lib.dir/src/vehicle_model/vehicle_model_bicycle_kinematics_no_delay.cpp.o[0m
[70.994s] [ 73%] [32mBuilding CXX object CMakeFiles/mpc_lateral_controller_lib.dir/src/vehicle_model/vehicle_model_bicycle_kinematics.cpp.o[0m
[71.279s] [ 78%] [32mBuilding CXX object CMakeFiles/mpc_lateral_controller_lib.dir/src/vehicle_model/vehicle_model_interface.cpp.o[0m
[83.038s] [ 82%] [32m[1mLinking CXX shared library libmpc_lateral_controller_lib.so[0m
[84.628s] [ 82%] Built target mpc_lateral_controller_lib
[84.746s] [ 86%] [32mBuilding CXX object CMakeFiles/test_lateral_controller.dir/test/test_mpc.cpp.o[0m
[84.749s] [ 91%] [32mBuilding CXX object CMakeFiles/test_lateral_controller.dir/test/test_lowpass_filter.cpp.o[0m
[84.749s] [ 95%] [32mBuilding CXX object CMakeFiles/test_lateral_controller.dir/test/test_mpc_utils.cpp.o[0m
[92.215s] [100%] [32m[1mLinking CXX executable test_lateral_controller[0m
[93.100s] [100%] Built target test_lateral_controller
[93.140s] Invoked command in '/home/eby/Desktop/GITHUB/Cpp_Gtest_Projects/Project_5/build/mpc_lateral_controller' returned '0': CMAKE_PREFIX_PATH=${CMAKE_PREFIX_PATH}:/home/eby/autoware/install/simulator_compatibility_test:/home/eby/autoware/install/ad_api_visualizers:/opt/ros/humble /usr/bin/cmake --build /home/eby/Desktop/GITHUB/Cpp_Gtest_Projects/Project_5/build/mpc_lateral_controller -- -j8 -l8
[93.950s] Invoking command in '/home/eby/Desktop/GITHUB/Cpp_Gtest_Projects/Project_5/build/mpc_lateral_controller': CMAKE_PREFIX_PATH=${CMAKE_PREFIX_PATH}:/home/eby/autoware/install/simulator_compatibility_test:/home/eby/autoware/install/ad_api_visualizers:/opt/ros/humble /usr/bin/cmake --install /home/eby/Desktop/GITHUB/Cpp_Gtest_Projects/Project_5/build/mpc_lateral_controller
[93.985s] -- Install configuration: ""
[93.985s] -- Installing: /home/eby/Desktop/GITHUB/Cpp_Gtest_Projects/Project_5/install/mpc_lateral_controller/share/mpc_lateral_controller/environment/library_path.sh
[93.986s] -- Installing: /home/eby/Desktop/GITHUB/Cpp_Gtest_Projects/Project_5/install/mpc_lateral_controller/share/mpc_lateral_controller/environment/library_path.dsv
[93.986s] -- Installing: /home/eby/Desktop/GITHUB/Cpp_Gtest_Projects/Project_5/install/mpc_lateral_controller/lib/libsteering_offset_lib.so
[93.986s] -- Set runtime path of "/home/eby/Desktop/GITHUB/Cpp_Gtest_Projects/Project_5/install/mpc_lateral_controller/lib/libsteering_offset_lib.so" to ""
[93.986s] -- Installing: /home/eby/Desktop/GITHUB/Cpp_Gtest_Projects/Project_5/install/mpc_lateral_controller/lib/libmpc_lateral_controller_lib.so
[93.997s] -- Set runtime path of "/home/eby/Desktop/GITHUB/Cpp_Gtest_Projects/Project_5/install/mpc_lateral_controller/lib/libmpc_lateral_controller_lib.so" to ""
[93.997s] -- Installing: /home/eby/Desktop/GITHUB/Cpp_Gtest_Projects/Project_5/install/mpc_lateral_controller/share/mpc_lateral_controller/param
[93.997s] -- Installing: /home/eby/Desktop/GITHUB/Cpp_Gtest_Projects/Project_5/install/mpc_lateral_controller/share/mpc_lateral_controller/param/lateral_controller_defaults.param.yaml
[93.997s] -- Installing: /home/eby/Desktop/GITHUB/Cpp_Gtest_Projects/Project_5/install/mpc_lateral_controller/share/ament_index/resource_index/package_run_dependencies/mpc_lateral_controller
[93.997s] -- Installing: /home/eby/Desktop/GITHUB/Cpp_Gtest_Projects/Project_5/install/mpc_lateral_controller/share/ament_index/resource_index/parent_prefix_path/mpc_lateral_controller
[93.997s] -- Installing: /home/eby/Desktop/GITHUB/Cpp_Gtest_Projects/Project_5/install/mpc_lateral_controller/share/mpc_lateral_controller/environment/ament_prefix_path.sh
[93.998s] -- Installing: /home/eby/Desktop/GITHUB/Cpp_Gtest_Projects/Project_5/install/mpc_lateral_controller/share/mpc_lateral_controller/environment/ament_prefix_path.dsv
[93.998s] -- Installing: /home/eby/Desktop/GITHUB/Cpp_Gtest_Projects/Project_5/install/mpc_lateral_controller/share/mpc_lateral_controller/environment/path.sh
[93.998s] -- Installing: /home/eby/Desktop/GITHUB/Cpp_Gtest_Projects/Project_5/install/mpc_lateral_controller/share/mpc_lateral_controller/environment/path.dsv
[93.998s] -- Installing: /home/eby/Desktop/GITHUB/Cpp_Gtest_Projects/Project_5/install/mpc_lateral_controller/share/mpc_lateral_controller/local_setup.bash
[93.998s] -- Installing: /home/eby/Desktop/GITHUB/Cpp_Gtest_Projects/Project_5/install/mpc_lateral_controller/share/mpc_lateral_controller/local_setup.sh
[93.998s] -- Installing: /home/eby/Desktop/GITHUB/Cpp_Gtest_Projects/Project_5/install/mpc_lateral_controller/share/mpc_lateral_controller/local_setup.zsh
[93.998s] -- Installing: /home/eby/Desktop/GITHUB/Cpp_Gtest_Projects/Project_5/install/mpc_lateral_controller/share/mpc_lateral_controller/local_setup.dsv
[93.998s] -- Installing: /home/eby/Desktop/GITHUB/Cpp_Gtest_Projects/Project_5/install/mpc_lateral_controller/share/mpc_lateral_controller/package.dsv
[93.999s] -- Installing: /home/eby/Desktop/GITHUB/Cpp_Gtest_Projects/Project_5/install/mpc_lateral_controller/share/ament_index/resource_index/packages/mpc_lateral_controller
[93.999s] -- Installing: /home/eby/Desktop/GITHUB/Cpp_Gtest_Projects/Project_5/install/mpc_lateral_controller/share/mpc_lateral_controller/cmake/ament_cmake_export_dependencies-extras.cmake
[93.999s] -- Installing: /home/eby/Desktop/GITHUB/Cpp_Gtest_Projects/Project_5/install/mpc_lateral_controller/share/mpc_lateral_controller/cmake/ament_cmake_export_libraries-extras.cmake
[93.999s] -- Installing: /home/eby/Desktop/GITHUB/Cpp_Gtest_Projects/Project_5/install/mpc_lateral_controller/share/mpc_lateral_controller/cmake/mpc_lateral_controllerConfig.cmake
[93.999s] -- Installing: /home/eby/Desktop/GITHUB/Cpp_Gtest_Projects/Project_5/install/mpc_lateral_controller/share/mpc_lateral_controller/cmake/mpc_lateral_controllerConfig-version.cmake
[93.999s] -- Installing: /home/eby/Desktop/GITHUB/Cpp_Gtest_Projects/Project_5/install/mpc_lateral_controller/share/mpc_lateral_controller/package.xml
[94.002s] Invoked command in '/home/eby/Desktop/GITHUB/Cpp_Gtest_Projects/Project_5/build/mpc_lateral_controller' returned '0': CMAKE_PREFIX_PATH=${CMAKE_PREFIX_PATH}:/home/eby/autoware/install/simulator_compatibility_test:/home/eby/autoware/install/ad_api_visualizers:/opt/ros/humble /usr/bin/cmake --install /home/eby/Desktop/GITHUB/Cpp_Gtest_Projects/Project_5/build/mpc_lateral_controller
